# JRE version: OpenJDK Runtime Environment Temurin-17.0.14+7 (17.0.14+7) (build 17.0.14+7)
# Java VM: OpenJDK 64-Bit Server VM Temurin-17.0.14+7 (17.0.14+7, mixed mode, sharing, tiered, compressed oops, compressed class ptrs, g1 gc, windows-amd64)
GC Precious Log:
 CPUs: 2 total, 2 available
 Memory: 2905M
 Large Page Support: Disabled
 NUMA Support: Disabled
 Compressed Oops: Enabled (32-bit)
 Heap Region Size: 1M
 Heap Min Capacity: 8M
 Heap Initial Capacity: 46M
 Heap Max Capacity: 2G
 Pre-touch: Disabled
 Parallel Workers: 2
 Concurrent Workers: 1
 Concurrent Refinement Workers: 2
 Periodic GC: Disabled
Heap:
 garbage-first heap   total 104448K, used 60259K [0x0000000080000000, 0x0000000100000000)
  region size 1024K, 1 young (1024K), 1 survivors (1024K)
 Metaspace       used 75123K, committed 75840K, reserved 1114112K
  class space    used 10474K, committed 10816K, reserved 1048576K
GC Heap History (20 events):
Event: 67.281 GC heap after
{Heap after GC invocations=39 (full 0):
 garbage-first heap   total 89088K, used 46526K [0x0000000080000000, 0x0000000100000000)
  region size 1024K, 2 young (2048K), 2 survivors (2048K)
 Metaspace       used 59456K, committed 60096K, reserved 1114112K
  class space    used 8508K, committed 8768K, reserved 1048576K
}
Event: 68.998 GC heap before
{Heap before GC invocations=39 (full 0):
 garbage-first heap   total 89088K, used 71102K [0x0000000080000000, 0x0000000100000000)
  region size 1024K, 27 young (27648K), 2 survivors (2048K)
 Metaspace       used 62330K, committed 62976K, reserved 1114112K
  class space    used 8886K, committed 9152K, reserved 1048576K
}
Event: 69.010 GC heap after
{Heap after GC invocations=40 (full 0):
 garbage-first heap   total 89088K, used 47016K [0x0000000080000000, 0x0000000100000000)
  region size 1024K, 2 young (2048K), 2 survivors (2048K)
 Metaspace       used 62330K, committed 62976K, reserved 1114112K
  class space    used 8886K, committed 9152K, reserved 1048576K
}
Event: 71.719 GC heap before
{Heap before GC invocations=41 (full 0):
 garbage-first heap   total 89088K, used 73640K [0x0000000080000000, 0x0000000100000000)
  region size 1024K, 28 young (28672K), 2 survivors (2048K)
 Metaspace       used 65486K, committed 66112K, reserved 1114112K
  class space    used 9313K, committed 9600K, reserved 1048576K
}
Event: 71.733 GC heap after
{Heap after GC invocations=42 (full 0):
 garbage-first heap   total 89088K, used 47772K [0x0000000080000000, 0x0000000100000000)
  region size 1024K, 3 young (3072K), 3 survivors (3072K)
 Metaspace       used 65486K, committed 66112K, reserved 1114112K
  class space    used 9313K, committed 9600K, reserved 1048576K
}
Event: 71.789 GC heap before
{Heap before GC invocations=42 (full 0):
 garbage-first heap   total 89088K, used 47772K [0x0000000080000000, 0x0000000100000000)
  region size 1024K, 4 young (4096K), 3 survivors (3072K)
 Metaspace       used 65678K, committed 66240K, reserved 1114112K
  class space    used 9340K, committed 9600K, reserved 1048576K
}
Event: 71.802 GC heap after
{Heap after GC invocations=43 (full 0):
 garbage-first heap   total 89088K, used 47341K [0x0000000080000000, 0x0000000100000000)
  region size 1024K, 1 young (1024K), 1 survivors (1024K)
 Metaspace       used 65678K, committed 66240K, reserved 1114112K
  class space    used 9340K, committed 9600K, reserved 1048576K
}
Event: 73.901 GC heap before
{Heap before GC invocations=43 (full 0):
 garbage-first heap   total 89088K, used 73965K [0x0000000080000000, 0x0000000100000000)
  region size 1024K, 27 young (27648K), 1 survivors (1024K)
 Metaspace       used 69431K, committed 70080K, reserved 1114112K
  class space    used 9763K, committed 10048K, reserved 1048576K
}
Event: 73.907 GC heap after
{Heap after GC invocations=44 (full 0):
 garbage-first heap   total 89088K, used 47456K [0x0000000080000000, 0x0000000100000000)
  region size 1024K, 1 young (1024K), 1 survivors (1024K)
 Metaspace       used 69431K, committed 70080K, reserved 1114112K
  class space    used 9763K, committed 10048K, reserved 1048576K
}
Event: 76.320 GC heap before
{Heap before GC invocations=45 (full 0):
 garbage-first heap   total 89088K, used 82272K [0x0000000080000000, 0x0000000100000000)
  region size 1024K, 28 young (28672K), 1 survivors (1024K)
 Metaspace       used 73054K, committed 73856K, reserved 1114112K
  class space    used 10232K, committed 10560K, reserved 1048576K
}
Event: 76.333 GC heap after
{Heap after GC invocations=46 (full 0):
 garbage-first heap   total 89088K, used 56373K [0x0000000080000000, 0x0000000100000000)
  region size 1024K, 3 young (3072K), 3 survivors (3072K)
 Metaspace       used 73054K, committed 73856K, reserved 1114112K
  class space    used 10232K, committed 10560K, reserved 1048576K
}
Event: 76.357 GC heap before
{Heap before GC invocations=46 (full 0):
 garbage-first heap   total 89088K, used 57397K [0x0000000080000000, 0x0000000100000000)
  region size 1024K, 4 young (4096K), 3 survivors (3072K)
 Metaspace       used 73054K, committed 73856K, reserved 1114112K
  class space    used 10232K, committed 10560K, reserved 1048576K
}
Event: 76.368 GC heap after
{Heap after GC invocations=47 (full 0):
 garbage-first heap   total 89088K, used 55823K [0x0000000080000000, 0x0000000100000000)
  region size 1024K, 1 young (1024K), 1 survivors (1024K)
 Metaspace       used 73054K, committed 73856K, reserved 1114112K
  class space    used 10232K, committed 10560K, reserved 1048576K
}
Event: 76.933 GC heap before
{Heap before GC invocations=47 (full 0):
 garbage-first heap   total 89088K, used 73231K [0x0000000080000000, 0x0000000100000000)
  region size 1024K, 19 young (19456K), 1 survivors (1024K)
 Metaspace       used 73190K, committed 73984K, reserved 1114112K
  class space    used 10235K, committed 10560K, reserved 1048576K
}
Event: 76.964 GC heap after
{Heap after GC invocations=48 (full 0):
 garbage-first heap   total 89088K, used 60880K [0x0000000080000000, 0x0000000100000000)
  region size 1024K, 3 young (3072K), 3 survivors (3072K)
 Metaspace       used 73190K, committed 73984K, reserved 1114112K
  class space    used 10235K, committed 10560K, reserved 1048576K
}
Event: 77.836 GC heap before
{Heap before GC invocations=49 (full 0):
 garbage-first heap   total 104448K, used 70096K [0x0000000080000000, 0x0000000100000000)
  region size 1024K, 13 young (13312K), 3 survivors (3072K)
 Metaspace       used 73192K, committed 73984K, reserved 1114112K
  class space    used 10236K, committed 10560K, reserved 1048576K
}
Event: 77.889 GC heap after
{Heap after GC invocations=50 (full 0):
 garbage-first heap   total 104448K, used 59572K [0x0000000080000000, 0x0000000100000000)
  region size 1024K, 2 young (2048K), 2 survivors (2048K)
 Metaspace       used 73192K, committed 73984K, reserved 1114112K
  class space    used 10236K, committed 10560K, reserved 1048576K
}
Event: 78.236 GC heap before
{Heap before GC invocations=50 (full 0):
 garbage-first heap   total 104448K, used 62644K [0x0000000080000000, 0x0000000100000000)
  region size 1024K, 5 young (5120K), 2 survivors (2048K)
 Metaspace       used 73353K, committed 74048K, reserved 1114112K
  class space    used 10255K, committed 10560K, reserved 1048576K
}
Event: 78.252 GC heap after
{Heap after GC invocations=51 (full 0):
 garbage-first heap   total 104448K, used 60035K [0x0000000080000000, 0x0000000100000000)
  region size 1024K, 1 young (1024K), 1 survivors (1024K)
 Metaspace       used 73353K, committed 74048K, reserved 1114112K
  class space    used 10255K, committed 10560K, reserved 1048576K
}
Event: 79.404 GC heap before
{Heap before GC invocations=51 (full 0):
 garbage-first heap   total 104448K, used 75395K [0x0000000080000000, 0x0000000100000000)
  region size 1024K, 17 young (17408K), 1 survivors (1024K)
 Metaspace       used 75123K, committed 75840K, reserved 1114112K
  class space    used 10474K, committed 10816K, reserved 1048576K
}

