# JRE version: OpenJDK Runtime Environment Temurin-17.0.14+7 (17.0.14+7) (build 17.0.14+7)
# Java VM: OpenJDK 64-Bit Server VM Temurin-17.0.14+7 (17.0.14+7, mixed mode, sharing, tiered, compressed oops, compressed class ptrs, g1 gc, windows-amd64)
GC Precious Log:
 CPUs: 2 total, 2 available
 Memory: 2905M
 Large Page Support: Disabled
 NUMA Support: Disabled
 Compressed Oops: Enabled (32-bit)
 Heap Region Size: 1M
 Heap Min Capacity: 8M
 Heap Initial Capacity: 46M
 Heap Max Capacity: 2G
 Pre-touch: Disabled
 Parallel Workers: 2
 Concurrent Workers: 1
 Concurrent Refinement Workers: 2
 Periodic GC: Disabled
Heap:
 garbage-first heap   total 189440K, used 119996K [0x0000000080000000, 0x0000000100000000)
  region size 1024K, 4 young (4096K), 4 survivors (4096K)
 Metaspace       used 109657K, committed 110464K, reserved 1179648K
  class space    used 14159K, committed 14528K, reserved 1048576K
GC Heap History (20 events):
Event: 82.065 GC heap after
{Heap after GC invocations=73 (full 0):
 garbage-first heap   total 177152K, used 101803K [0x0000000080000000, 0x0000000100000000)
  region size 1024K, 1 young (1024K), 1 survivors (1024K)
 Metaspace       used 80589K, committed 81280K, reserved 1179648K
  class space    used 10960K, committed 11328K, reserved 1048576K
}
Event: 85.991 GC heap before
{Heap before GC invocations=73 (full 0):
 garbage-first heap   total 177152K, used 142763K [0x0000000080000000, 0x0000000100000000)
  region size 1024K, 41 young (41984K), 1 survivors (1024K)
 Metaspace       used 85387K, committed 86144K, reserved 1179648K
  class space    used 11522K, committed 11904K, reserved 1048576K
}
Event: 86.004 GC heap after
{Heap after GC invocations=74 (full 0):
 garbage-first heap   total 177152K, used 103325K [0x0000000080000000, 0x0000000100000000)
  region size 1024K, 2 young (2048K), 2 survivors (2048K)
 Metaspace       used 85387K, committed 86144K, reserved 1179648K
  class space    used 11522K, committed 11904K, reserved 1048576K
}
Event: 88.098 GC heap before
{Heap before GC invocations=75 (full 0):
 garbage-first heap   total 181248K, used 146333K [0x0000000080000000, 0x0000000100000000)
  region size 1024K, 43 young (44032K), 2 survivors (2048K)
 Metaspace       used 88123K, committed 88960K, reserved 1179648K
  class space    used 11874K, committed 12288K, reserved 1048576K
}
Event: 88.117 GC heap after
{Heap after GC invocations=76 (full 0):
 garbage-first heap   total 181248K, used 105707K [0x0000000080000000, 0x0000000100000000)
  region size 1024K, 5 young (5120K), 5 survivors (5120K)
 Metaspace       used 88123K, committed 88960K, reserved 1179648K
  class space    used 11874K, committed 12288K, reserved 1048576K
}
Event: 88.154 GC heap before
{Heap before GC invocations=76 (full 0):
 garbage-first heap   total 181248K, used 108779K [0x0000000080000000, 0x0000000100000000)
  region size 1024K, 8 young (8192K), 5 survivors (5120K)
 Metaspace       used 88123K, committed 88960K, reserved 1179648K
  class space    used 11874K, committed 12288K, reserved 1048576K
}
Event: 88.175 GC heap after
{Heap after GC invocations=77 (full 0):
 garbage-first heap   total 181248K, used 106049K [0x0000000080000000, 0x0000000100000000)
  region size 1024K, 1 young (1024K), 1 survivors (1024K)
 Metaspace       used 88123K, committed 88960K, reserved 1179648K
  class space    used 11874K, committed 12288K, reserved 1048576K
}
Event: 93.110 GC heap before
{Heap before GC invocations=77 (full 0):
 garbage-first heap   total 181248K, used 150081K [0x0000000080000000, 0x0000000100000000)
  region size 1024K, 44 young (45056K), 1 survivors (1024K)
 Metaspace       used 90890K, committed 91648K, reserved 1179648K
  class space    used 12151K, committed 12544K, reserved 1048576K
}
Event: 93.130 GC heap after
{Heap after GC invocations=78 (full 0):
 garbage-first heap   total 181248K, used 107801K [0x0000000080000000, 0x0000000100000000)
  region size 1024K, 3 young (3072K), 3 survivors (3072K)
 Metaspace       used 90890K, committed 91648K, reserved 1179648K
  class space    used 12151K, committed 12544K, reserved 1048576K
}
Event: 96.749 GC heap before
{Heap before GC invocations=79 (full 0):
 garbage-first heap   total 186368K, used 150809K [0x0000000080000000, 0x0000000100000000)
  region size 1024K, 45 young (46080K), 3 survivors (3072K)
 Metaspace       used 95541K, committed 96320K, reserved 1179648K
  class space    used 12618K, committed 12992K, reserved 1048576K
}
Event: 96.770 GC heap after
{Heap after GC invocations=80 (full 0):
 garbage-first heap   total 186368K, used 110839K [0x0000000080000000, 0x0000000100000000)
  region size 1024K, 6 young (6144K), 6 survivors (6144K)
 Metaspace       used 95541K, committed 96320K, reserved 1179648K
  class space    used 12618K, committed 12992K, reserved 1048576K
}
Event: 96.929 GC heap before
{Heap before GC invocations=80 (full 0):
 garbage-first heap   total 186368K, used 113911K [0x0000000080000000, 0x0000000100000000)
  region size 1024K, 9 young (9216K), 6 survivors (6144K)
 Metaspace       used 95897K, committed 96704K, reserved 1179648K
  class space    used 12665K, committed 13056K, reserved 1048576K
}
Event: 96.947 GC heap after
{Heap after GC invocations=81 (full 0):
 garbage-first heap   total 186368K, used 111063K [0x0000000080000000, 0x0000000100000000)
  region size 1024K, 1 young (1024K), 1 survivors (1024K)
 Metaspace       used 95897K, committed 96704K, reserved 1179648K
  class space    used 12665K, committed 13056K, reserved 1048576K
}
Event: 100.462 GC heap before
{Heap before GC invocations=81 (full 0):
 garbage-first heap   total 186368K, used 156119K [0x0000000080000000, 0x0000000100000000)
  region size 1024K, 45 young (46080K), 1 survivors (1024K)
 Metaspace       used 101911K, committed 102656K, reserved 1179648K
  class space    used 13337K, committed 13696K, reserved 1048576K
}
Event: 100.473 GC heap after
{Heap after GC invocations=82 (full 0):
 garbage-first heap   total 186368K, used 111395K [0x0000000080000000, 0x0000000100000000)
  region size 1024K, 2 young (2048K), 2 survivors (2048K)
 Metaspace       used 101911K, committed 102656K, reserved 1179648K
  class space    used 13337K, committed 13696K, reserved 1048576K
}
Event: 107.141 GC heap before
{Heap before GC invocations=83 (full 0):
 garbage-first heap   total 189440K, used 156451K [0x0000000080000000, 0x0000000100000000)
  region size 1024K, 46 young (47104K), 2 survivors (2048K)
 Metaspace       used 108428K, committed 109184K, reserved 1179648K
  class space    used 13999K, committed 14400K, reserved 1048576K
}
Event: 107.155 GC heap after
{Heap after GC invocations=84 (full 0):
 garbage-first heap   total 189440K, used 111997K [0x0000000080000000, 0x0000000100000000)
  region size 1024K, 2 young (2048K), 2 survivors (2048K)
 Metaspace       used 108428K, committed 109184K, reserved 1179648K
  class space    used 13999K, committed 14400K, reserved 1048576K
}
Event: 107.966 GC heap before
{Heap before GC invocations=84 (full 0):
 garbage-first heap   total 189440K, used 122237K [0x0000000080000000, 0x0000000100000000)
  region size 1024K, 9 young (9216K), 2 survivors (2048K)
 Metaspace       used 108619K, committed 109376K, reserved 1179648K
  class space    used 14023K, committed 14400K, reserved 1048576K
}
Event: 107.983 GC heap after
{Heap after GC invocations=85 (full 0):
 garbage-first heap   total 189440K, used 118784K [0x0000000080000000, 0x0000000100000000)
  region size 1024K, 2 young (2048K), 2 survivors (2048K)
 Metaspace       used 108619K, committed 109376K, reserved 1179648K
  class space    used 14023K, committed 14400K, reserved 1048576K
}
Event: 109.282 GC heap before
{Heap before GC invocations=85 (full 0):
 garbage-first heap   total 189440K, used 133120K [0x0000000080000000, 0x0000000100000000)
  region size 1024K, 17 young (17408K), 2 survivors (2048K)
 Metaspace       used 109657K, committed 110464K, reserved 1179648K
  class space    used 14159K, committed 14528K, reserved 1048576K
}

