# JRE version: OpenJDK Runtime Environment Temurin-17.0.14+7 (17.0.14+7) (build 17.0.14+7)
# Java VM: OpenJDK 64-Bit Server VM Temurin-17.0.14+7 (17.0.14+7, mixed mode, sharing, tiered, compressed oops, compressed class ptrs, g1 gc, windows-amd64)
GC Precious Log:
 CPUs: 2 total, 2 available
 Memory: 2905M
 Large Page Support: Disabled
 NUMA Support: Disabled
 Compressed Oops: Enabled (32-bit)
 Heap Region Size: 1M
 Heap Min Capacity: 8M
 Heap Initial Capacity: 46M
 Heap Max Capacity: 2G
 Pre-touch: Disabled
 Parallel Workers: 2
 Concurrent Workers: 1
 Concurrent Refinement Workers: 2
 Periodic GC: Disabled
Heap:
 garbage-first heap   total 68608K, used 40107K [0x0000000080000000, 0x0000000100000000)
  region size 1024K, 9 young (9216K), 2 survivors (2048K)
 Metaspace       used 37490K, committed 37952K, reserved 1114112K
  class space    used 5170K, committed 5376K, reserved 1048576K
GC Heap History (20 events):
Event: 32.007 GC heap before
{Heap before GC invocations=17 (full 0):
 garbage-first heap   total 48128K, used 35505K [0x0000000080000000, 0x0000000100000000)
  region size 1024K, 9 young (9216K), 1 survivors (1024K)
 Metaspace       used 24776K, committed 25152K, reserved 1114112K
  class space    used 3607K, committed 3776K, reserved 1048576K
}
Event: 32.014 GC heap after
{Heap after GC invocations=18 (full 0):
 garbage-first heap   total 48128K, used 27543K [0x0000000080000000, 0x0000000100000000)
  region size 1024K, 1 young (1024K), 1 survivors (1024K)
 Metaspace       used 24776K, committed 25152K, reserved 1114112K
  class space    used 3607K, committed 3776K, reserved 1048576K
}
Event: 33.014 GC heap before
{Heap before GC invocations=18 (full 0):
 garbage-first heap   total 48128K, used 37783K [0x0000000080000000, 0x0000000100000000)
  region size 1024K, 11 young (11264K), 1 survivors (1024K)
 Metaspace       used 25957K, committed 26304K, reserved 1114112K
  class space    used 3792K, committed 3968K, reserved 1048576K
}
Event: 33.024 GC heap after
{Heap after GC invocations=19 (full 0):
 garbage-first heap   total 48128K, used 27974K [0x0000000080000000, 0x0000000100000000)
  region size 1024K, 2 young (2048K), 2 survivors (2048K)
 Metaspace       used 25957K, committed 26304K, reserved 1114112K
  class space    used 3792K, committed 3968K, reserved 1048576K
}
Event: 35.054 GC heap before
{Heap before GC invocations=20 (full 0):
 garbage-first heap   total 50176K, used 37190K [0x0000000080000000, 0x0000000100000000)
  region size 1024K, 12 young (12288K), 2 survivors (2048K)
 Metaspace       used 27144K, committed 27520K, reserved 1114112K
  class space    used 3977K, committed 4160K, reserved 1048576K
}
Event: 35.062 GC heap after
{Heap after GC invocations=21 (full 0):
 garbage-first heap   total 50176K, used 28400K [0x0000000080000000, 0x0000000100000000)
  region size 1024K, 2 young (2048K), 2 survivors (2048K)
 Metaspace       used 27144K, committed 27520K, reserved 1114112K
  class space    used 3977K, committed 4160K, reserved 1048576K
}
Event: 36.457 GC heap before
{Heap before GC invocations=21 (full 0):
 garbage-first heap   total 50176K, used 38640K [0x0000000080000000, 0x0000000100000000)
  region size 1024K, 13 young (13312K), 2 survivors (2048K)
 Metaspace       used 28906K, committed 29248K, reserved 1114112K
  class space    used 4256K, committed 4416K, reserved 1048576K
}
Event: 36.470 GC heap after
{Heap after GC invocations=22 (full 0):
 garbage-first heap   total 50176K, used 28992K [0x0000000080000000, 0x0000000100000000)
  region size 1024K, 2 young (2048K), 2 survivors (2048K)
 Metaspace       used 28906K, committed 29248K, reserved 1114112K
  class space    used 4256K, committed 4416K, reserved 1048576K
}
Event: 39.222 GC heap before
{Heap before GC invocations=23 (full 0):
 garbage-first heap   total 51200K, used 39232K [0x0000000080000000, 0x0000000100000000)
  region size 1024K, 13 young (13312K), 2 survivors (2048K)
 Metaspace       used 30689K, committed 31104K, reserved 1114112K
  class space    used 4467K, committed 4672K, reserved 1048576K
}
Event: 39.235 GC heap after
{Heap after GC invocations=24 (full 0):
 garbage-first heap   total 51200K, used 30036K [0x0000000080000000, 0x0000000100000000)
  region size 1024K, 2 young (2048K), 2 survivors (2048K)
 Metaspace       used 30689K, committed 31104K, reserved 1114112K
  class space    used 4467K, committed 4672K, reserved 1048576K
}
Event: 40.889 GC heap before
{Heap before GC invocations=24 (full 0):
 garbage-first heap   total 51200K, used 40276K [0x0000000080000000, 0x0000000100000000)
  region size 1024K, 13 young (13312K), 2 survivors (2048K)
 Metaspace       used 33510K, committed 33920K, reserved 1114112K
  class space    used 4791K, committed 4992K, reserved 1048576K
}
Event: 40.904 GC heap after
{Heap after GC invocations=25 (full 0):
 garbage-first heap   total 51200K, used 31905K [0x0000000080000000, 0x0000000100000000)
  region size 1024K, 2 young (2048K), 2 survivors (2048K)
 Metaspace       used 33510K, committed 33920K, reserved 1114112K
  class space    used 4791K, committed 4992K, reserved 1048576K
}
Event: 42.048 GC heap before
{Heap before GC invocations=26 (full 0):
 garbage-first heap   total 56320K, used 41121K [0x0000000080000000, 0x0000000100000000)
  region size 1024K, 11 young (11264K), 2 survivors (2048K)
 Metaspace       used 34444K, committed 34880K, reserved 1114112K
  class space    used 4859K, committed 5056K, reserved 1048576K
}
Event: 42.057 GC heap after
{Heap after GC invocations=27 (full 0):
 garbage-first heap   total 56320K, used 32828K [0x0000000080000000, 0x0000000100000000)
  region size 1024K, 2 young (2048K), 2 survivors (2048K)
 Metaspace       used 34444K, committed 34880K, reserved 1114112K
  class space    used 4859K, committed 5056K, reserved 1048576K
}
Event: 42.697 GC heap before
{Heap before GC invocations=27 (full 0):
 garbage-first heap   total 56320K, used 44092K [0x0000000080000000, 0x0000000100000000)
  region size 1024K, 13 young (13312K), 2 survivors (2048K)
 Metaspace       used 34486K, committed 34880K, reserved 1114112K
  class space    used 4861K, committed 5056K, reserved 1048576K
}
Event: 42.704 GC heap after
{Heap after GC invocations=28 (full 0):
 garbage-first heap   total 56320K, used 33035K [0x0000000080000000, 0x0000000100000000)
  region size 1024K, 1 young (1024K), 1 survivors (1024K)
 Metaspace       used 34486K, committed 34880K, reserved 1114112K
  class space    used 4861K, committed 5056K, reserved 1048576K
}
Event: 43.222 GC heap before
{Heap before GC invocations=29 (full 0):
 garbage-first heap   total 58368K, used 37131K [0x0000000080000000, 0x0000000100000000)
  region size 1024K, 7 young (7168K), 1 survivors (1024K)
 Metaspace       used 34763K, committed 35200K, reserved 1114112K
  class space    used 4895K, committed 5120K, reserved 1048576K
}
Event: 43.231 GC heap after
{Heap after GC invocations=30 (full 0):
 garbage-first heap   total 58368K, used 33996K [0x0000000080000000, 0x0000000100000000)
  region size 1024K, 2 young (2048K), 2 survivors (2048K)
 Metaspace       used 34763K, committed 35200K, reserved 1114112K
  class space    used 4895K, committed 5120K, reserved 1048576K
}
Event: 45.767 GC heap before
{Heap before GC invocations=31 (full 0):
 garbage-first heap   total 68608K, used 51404K [0x0000000080000000, 0x0000000100000000)
  region size 1024K, 14 young (14336K), 2 survivors (2048K)
 Metaspace       used 36727K, committed 37184K, reserved 1114112K
  class space    used 5052K, committed 5248K, reserved 1048576K
}
Event: 45.780 GC heap after
{Heap after GC invocations=32 (full 0):
 garbage-first heap   total 68608K, used 34987K [0x0000000080000000, 0x0000000100000000)
  region size 1024K, 2 young (2048K), 2 survivors (2048K)
 Metaspace       used 36727K, committed 37184K, reserved 1114112K
  class space    used 5052K, committed 5248K, reserved 1048576K
}

