# JRE version: OpenJDK Runtime Environment Temurin-17.0.14+7 (17.0.14+7) (build 17.0.14+7)
# Java VM: OpenJDK 64-Bit Server VM Temurin-17.0.14+7 (17.0.14+7, mixed mode, sharing, tiered, compressed oops, compressed class ptrs, g1 gc, windows-amd64)
GC Precious Log:
 CPUs: 2 total, 2 available
 Memory: 2905M
 Large Page Support: Disabled
 NUMA Support: Disabled
 Compressed Oops: Enabled (32-bit)
 Heap Region Size: 1M
 Heap Min Capacity: 8M
 Heap Initial Capacity: 46M
 Heap Max Capacity: 2G
 Pre-touch: Disabled
 Parallel Workers: 2
 Concurrent Workers: 1
 Concurrent Refinement Workers: 2
 Periodic GC: Disabled
Heap:
 garbage-first heap   total 56320K, used 32589K [0x0000000080000000, 0x0000000100000000)
  region size 1024K, 1 young (1024K), 1 survivors (1024K)
 Metaspace       used 34044K, committed 34368K, reserved 1114112K
  class space    used 4944K, committed 5056K, reserved 1048576K
GC Heap History (20 events):
Event: 34.601 GC heap after
{Heap after GC invocations=18 (full 0):
 garbage-first heap   total 47104K, used 24906K [0x0000000080000000, 0x0000000100000000)
  region size 1024K, 1 young (1024K), 1 survivors (1024K)
 Metaspace       used 26276K, committed 26624K, reserved 1114112K
  class space    used 3894K, committed 4096K, reserved 1048576K
}
Event: 35.534 GC heap before
{Heap before GC invocations=18 (full 0):
 garbage-first heap   total 47104K, used 37194K [0x0000000080000000, 0x0000000100000000)
  region size 1024K, 14 young (14336K), 1 survivors (1024K)
 Metaspace       used 28894K, committed 29184K, reserved 1114112K
  class space    used 4196K, committed 4352K, reserved 1048576K
}
Event: 35.544 GC heap after
{Heap after GC invocations=19 (full 0):
 garbage-first heap   total 47104K, used 25985K [0x0000000080000000, 0x0000000100000000)
  region size 1024K, 2 young (2048K), 2 survivors (2048K)
 Metaspace       used 28894K, committed 29184K, reserved 1114112K
  class space    used 4196K, committed 4352K, reserved 1048576K
}
Event: 36.349 GC heap before
{Heap before GC invocations=20 (full 0):
 garbage-first heap   total 47104K, used 38273K [0x0000000080000000, 0x0000000100000000)
  region size 1024K, 14 young (14336K), 2 survivors (2048K)
 Metaspace       used 29273K, committed 29632K, reserved 1114112K
  class space    used 4227K, committed 4416K, reserved 1048576K
}
Event: 36.365 GC heap after
{Heap after GC invocations=21 (full 0):
 garbage-first heap   total 47104K, used 28145K [0x0000000080000000, 0x0000000100000000)
  region size 1024K, 2 young (2048K), 2 survivors (2048K)
 Metaspace       used 29273K, committed 29632K, reserved 1114112K
  class space    used 4227K, committed 4416K, reserved 1048576K
}
Event: 37.710 GC heap before
{Heap before GC invocations=21 (full 0):
 garbage-first heap   total 47104K, used 37361K [0x0000000080000000, 0x0000000100000000)
  region size 1024K, 12 young (12288K), 2 survivors (2048K)
 Metaspace       used 30042K, committed 30400K, reserved 1114112K
  class space    used 4371K, committed 4544K, reserved 1048576K
}
Event: 37.724 GC heap after
{Heap after GC invocations=22 (full 0):
 garbage-first heap   total 47104K, used 29184K [0x0000000080000000, 0x0000000100000000)
  region size 1024K, 1 young (1024K), 1 survivors (1024K)
 Metaspace       used 30042K, committed 30400K, reserved 1114112K
  class space    used 4371K, committed 4544K, reserved 1048576K
}
Event: 38.884 GC heap before
{Heap before GC invocations=23 (full 0):
 garbage-first heap   total 51200K, used 38400K [0x0000000080000000, 0x0000000100000000)
  region size 1024K, 10 young (10240K), 1 survivors (1024K)
 Metaspace       used 31403K, committed 31744K, reserved 1114112K
  class space    used 4626K, committed 4800K, reserved 1048576K
}
Event: 38.894 GC heap after
{Heap after GC invocations=24 (full 0):
 garbage-first heap   total 51200K, used 30139K [0x0000000080000000, 0x0000000100000000)
  region size 1024K, 2 young (2048K), 2 survivors (2048K)
 Metaspace       used 31403K, committed 31744K, reserved 1114112K
  class space    used 4626K, committed 4800K, reserved 1048576K
}
Event: 39.896 GC heap before
{Heap before GC invocations=24 (full 0):
 garbage-first heap   total 51200K, used 41403K [0x0000000080000000, 0x0000000100000000)
  region size 1024K, 13 young (13312K), 2 survivors (2048K)
 Metaspace       used 31992K, committed 32384K, reserved 1114112K
  class space    used 4674K, committed 4864K, reserved 1048576K
}
Event: 39.907 GC heap after
{Heap after GC invocations=25 (full 0):
 garbage-first heap   total 51200K, used 30736K [0x0000000080000000, 0x0000000100000000)
  region size 1024K, 2 young (2048K), 2 survivors (2048K)
 Metaspace       used 31992K, committed 32384K, reserved 1114112K
  class space    used 4674K, committed 4864K, reserved 1048576K
}
Event: 40.429 GC heap before
{Heap before GC invocations=26 (full 0):
 garbage-first heap   total 55296K, used 42000K [0x0000000080000000, 0x0000000100000000)
  region size 1024K, 13 young (13312K), 2 survivors (2048K)
 Metaspace       used 32043K, committed 32384K, reserved 1114112K
  class space    used 4674K, committed 4864K, reserved 1048576K
}
Event: 40.441 GC heap after
{Heap after GC invocations=27 (full 0):
 garbage-first heap   total 55296K, used 31379K [0x0000000080000000, 0x0000000100000000)
  region size 1024K, 2 young (2048K), 2 survivors (2048K)
 Metaspace       used 32043K, committed 32384K, reserved 1114112K
  class space    used 4674K, committed 4864K, reserved 1048576K
}
Event: 41.178 GC heap before
{Heap before GC invocations=27 (full 0):
 garbage-first heap   total 55296K, used 43667K [0x0000000080000000, 0x0000000100000000)
  region size 1024K, 14 young (14336K), 2 survivors (2048K)
 Metaspace       used 32052K, committed 32384K, reserved 1114112K
  class space    used 4674K, committed 4864K, reserved 1048576K
}
Event: 41.189 GC heap after
{Heap after GC invocations=28 (full 0):
 garbage-first heap   total 55296K, used 32013K [0x0000000080000000, 0x0000000100000000)
  region size 1024K, 2 young (2048K), 2 survivors (2048K)
 Metaspace       used 32052K, committed 32384K, reserved 1114112K
  class space    used 4674K, committed 4864K, reserved 1048576K
}
Event: 43.360 GC heap before
{Heap before GC invocations=29 (full 0):
 garbage-first heap   total 56320K, used 44301K [0x0000000080000000, 0x0000000100000000)
  region size 1024K, 14 young (14336K), 2 survivors (2048K)
 Metaspace       used 32876K, committed 33216K, reserved 1114112K
  class space    used 4771K, committed 4928K, reserved 1048576K
}
Event: 43.382 GC heap after
{Heap after GC invocations=30 (full 0):
 garbage-first heap   total 56320K, used 32405K [0x0000000080000000, 0x0000000100000000)
  region size 1024K, 2 young (2048K), 2 survivors (2048K)
 Metaspace       used 32876K, committed 33216K, reserved 1114112K
  class space    used 4771K, committed 4928K, reserved 1048576K
}
Event: 43.510 GC heap before
{Heap before GC invocations=30 (full 0):
 garbage-first heap   total 56320K, used 33429K [0x0000000080000000, 0x0000000100000000)
  region size 1024K, 3 young (3072K), 2 survivors (2048K)
 Metaspace       used 33013K, committed 33344K, reserved 1114112K
  class space    used 4797K, committed 4928K, reserved 1048576K
}
Event: 43.520 GC heap after
{Heap after GC invocations=31 (full 0):
 garbage-first heap   total 56320K, used 31831K [0x0000000080000000, 0x0000000100000000)
  region size 1024K, 1 young (1024K), 1 survivors (1024K)
 Metaspace       used 33013K, committed 33344K, reserved 1114112K
  class space    used 4797K, committed 4928K, reserved 1048576K
}
Event: 45.287 GC heap before
{Heap before GC invocations=31 (full 0):
 garbage-first heap   total 56320K, used 44119K [0x0000000080000000, 0x0000000100000000)
  region size 1024K, 14 young (14336K), 1 survivors (1024K)
 Metaspace       used 34044K, committed 34368K, reserved 1114112K
  class space    used 4944K, committed 5056K, reserved 1048576K
}

