# JRE version: OpenJDK Runtime Environment Temurin-17.0.14+7 (17.0.14+7) (build 17.0.14+7)
# Java VM: OpenJDK 64-Bit Server VM Temurin-17.0.14+7 (17.0.14+7, mixed mode, sharing, tiered, compressed oops, compressed class ptrs, g1 gc, windows-amd64)
GC Precious Log:
 CPUs: 2 total, 2 available
 Memory: 2905M
 Large Page Support: Disabled
 NUMA Support: Disabled
 Compressed Oops: Enabled (32-bit)
 Heap Region Size: 1M
 Heap Min Capacity: 8M
 Heap Initial Capacity: 46M
 Heap Max Capacity: 2G
 Pre-touch: Disabled
 Parallel Workers: 2
 Concurrent Workers: 1
 Concurrent Refinement Workers: 2
 Periodic GC: Disabled
Heap:
 garbage-first heap   total 225280K, used 137817K [0x0000000080000000, 0x0000000100000000)
  region size 1024K, 31 young (31744K), 5 survivors (5120K)
 Metaspace       used 98616K, committed 99328K, reserved 1179648K
  class space    used 13117K, committed 13440K, reserved 1048576K
GC Heap History (20 events):
Event: 89.787 GC heap before
{Heap before GC invocations=53 (full 0):
 garbage-first heap   total 89088K, used 74914K [0x0000000080000000, 0x0000000100000000)
  region size 1024K, 25 young (25600K), 1 survivors (1024K)
 Metaspace       used 76258K, committed 76992K, reserved 1179648K
  class space    used 10662K, committed 11008K, reserved 1048576K
}
Event: 89.794 GC heap after
{Heap after GC invocations=54 (full 0):
 garbage-first heap   total 89088K, used 51765K [0x0000000080000000, 0x0000000100000000)
  region size 1024K, 1 young (1024K), 1 survivors (1024K)
 Metaspace       used 76258K, committed 76992K, reserved 1179648K
  class space    used 10662K, committed 11008K, reserved 1048576K
}
Event: 90.984 GC heap before
{Heap before GC invocations=54 (full 0):
 garbage-first heap   total 89088K, used 82485K [0x0000000080000000, 0x0000000100000000)
  region size 1024K, 25 young (25600K), 1 survivors (1024K)
 Metaspace       used 78249K, committed 78912K, reserved 1179648K
  class space    used 10885K, committed 11200K, reserved 1048576K
}
Event: 91.018 GC heap after
{Heap after GC invocations=55 (full 0):
 garbage-first heap   total 89088K, used 62776K [0x0000000080000000, 0x0000000100000000)
  region size 1024K, 4 young (4096K), 4 survivors (4096K)
 Metaspace       used 78249K, committed 78912K, reserved 1179648K
  class space    used 10885K, committed 11200K, reserved 1048576K
}
Event: 91.398 GC heap before
{Heap before GC invocations=55 (full 0):
 garbage-first heap   total 89088K, used 73016K [0x0000000080000000, 0x0000000100000000)
  region size 1024K, 15 young (15360K), 4 survivors (4096K)
 Metaspace       used 78385K, committed 79104K, reserved 1179648K
  class space    used 10889K, committed 11264K, reserved 1048576K
}
Event: 91.432 GC heap after
{Heap after GC invocations=56 (full 0):
 garbage-first heap   total 89088K, used 66381K [0x0000000080000000, 0x0000000100000000)
  region size 1024K, 2 young (2048K), 2 survivors (2048K)
 Metaspace       used 78385K, committed 79104K, reserved 1179648K
  class space    used 10889K, committed 11264K, reserved 1048576K
}
Event: 91.993 GC heap before
{Heap before GC invocations=57 (full 0):
 garbage-first heap   total 112640K, used 72525K [0x0000000080000000, 0x0000000100000000)
  region size 1024K, 8 young (8192K), 2 survivors (2048K)
 Metaspace       used 78388K, committed 79104K, reserved 1179648K
  class space    used 10890K, committed 11264K, reserved 1048576K
}
Event: 92.029 GC heap after
{Heap after GC invocations=58 (full 0):
 garbage-first heap   total 112640K, used 70656K [0x0000000080000000, 0x0000000100000000)
  region size 1024K, 1 young (1024K), 1 survivors (1024K)
 Metaspace       used 78388K, committed 79104K, reserved 1179648K
  class space    used 10890K, committed 11264K, reserved 1048576K
}
Event: 92.135 GC heap before
{Heap before GC invocations=58 (full 0):
 garbage-first heap   total 112640K, used 74752K [0x0000000080000000, 0x0000000100000000)
  region size 1024K, 5 young (5120K), 1 survivors (1024K)
 Metaspace       used 78388K, committed 79104K, reserved 1179648K
  class space    used 10890K, committed 11264K, reserved 1048576K
}
Event: 92.160 GC heap after
{Heap after GC invocations=59 (full 0):
 garbage-first heap   total 112640K, used 64512K [0x0000000080000000, 0x0000000100000000)
  region size 1024K, 1 young (1024K), 1 survivors (1024K)
 Metaspace       used 78388K, committed 79104K, reserved 1179648K
  class space    used 10890K, committed 11264K, reserved 1048576K
}
Event: 92.565 GC heap before
{Heap before GC invocations=59 (full 0):
 garbage-first heap   total 112640K, used 86016K [0x0000000080000000, 0x0000000100000000)
  region size 1024K, 18 young (18432K), 1 survivors (1024K)
 Metaspace       used 78391K, committed 79104K, reserved 1179648K
  class space    used 10890K, committed 11264K, reserved 1048576K
}
Event: 92.590 GC heap after
{Heap after GC invocations=60 (full 0):
 garbage-first heap   total 225280K, used 72211K [0x0000000080000000, 0x0000000100000000)
  region size 1024K, 3 young (3072K), 3 survivors (3072K)
 Metaspace       used 78391K, committed 79104K, reserved 1179648K
  class space    used 10890K, committed 11264K, reserved 1048576K
}
Event: 95.311 GC heap before
{Heap before GC invocations=60 (full 0):
 garbage-first heap   total 225280K, used 143891K [0x0000000080000000, 0x0000000100000000)
  region size 1024K, 67 young (68608K), 3 survivors (3072K)
 Metaspace       used 80447K, committed 81088K, reserved 1179648K
  class space    used 11148K, committed 11456K, reserved 1048576K
}
Event: 95.375 GC heap after
{Heap after GC invocations=61 (full 0):
 garbage-first heap   total 225280K, used 83545K [0x0000000080000000, 0x0000000100000000)
  region size 1024K, 9 young (9216K), 9 survivors (9216K)
 Metaspace       used 80447K, committed 81088K, reserved 1179648K
  class space    used 11148K, committed 11456K, reserved 1048576K
}
Event: 99.052 GC heap before
{Heap before GC invocations=61 (full 0):
 garbage-first heap   total 225280K, used 159321K [0x0000000080000000, 0x0000000100000000)
  region size 1024K, 66 young (67584K), 9 survivors (9216K)
 Metaspace       used 85296K, committed 85952K, reserved 1179648K
  class space    used 11640K, committed 11968K, reserved 1048576K
}
Event: 99.093 GC heap after
{Heap after GC invocations=62 (full 0):
 garbage-first heap   total 225280K, used 106496K [0x0000000080000000, 0x0000000100000000)
  region size 1024K, 7 young (7168K), 7 survivors (7168K)
 Metaspace       used 85296K, committed 85952K, reserved 1179648K
  class space    used 11640K, committed 11968K, reserved 1048576K
}
Event: 102.320 GC heap before
{Heap before GC invocations=62 (full 0):
 garbage-first heap   total 225280K, used 158720K [0x0000000080000000, 0x0000000100000000)
  region size 1024K, 58 young (59392K), 7 survivors (7168K)
 Metaspace       used 91485K, committed 92224K, reserved 1179648K
  class space    used 12261K, committed 12608K, reserved 1048576K
}
Event: 102.344 GC heap after
{Heap after GC invocations=63 (full 0):
 garbage-first heap   total 225280K, used 108713K [0x0000000080000000, 0x0000000100000000)
  region size 1024K, 3 young (3072K), 3 survivors (3072K)
 Metaspace       used 91485K, committed 92224K, reserved 1179648K
  class space    used 12261K, committed 12608K, reserved 1048576K
}
Event: 106.498 GC heap before
{Heap before GC invocations=63 (full 0):
 garbage-first heap   total 225280K, used 167081K [0x0000000080000000, 0x0000000100000000)
  region size 1024K, 60 young (61440K), 3 survivors (3072K)
 Metaspace       used 98503K, committed 99200K, reserved 1179648K
  class space    used 13116K, committed 13440K, reserved 1048576K
}
Event: 106.529 GC heap after
{Heap after GC invocations=64 (full 0):
 garbage-first heap   total 225280K, used 111193K [0x0000000080000000, 0x0000000100000000)
  region size 1024K, 5 young (5120K), 5 survivors (5120K)
 Metaspace       used 98503K, committed 99200K, reserved 1179648K
  class space    used 13116K, committed 13440K, reserved 1048576K
}

