# JRE version: OpenJDK Runtime Environment Temurin-17.0.14+7 (17.0.14+7) (build 17.0.14+7)
# Java VM: OpenJDK 64-Bit Server VM Temurin-17.0.14+7 (17.0.14+7, mixed mode, sharing, tiered, compressed oops, compressed class ptrs, g1 gc, windows-amd64)
GC Precious Log:
 CPUs: 2 total, 2 available
 Memory: 2905M
 Large Page Support: Disabled
 NUMA Support: Disabled
 Compressed Oops: Enabled (32-bit)
 Heap Region Size: 1M
 Heap Min Capacity: 8M
 Heap Initial Capacity: 46M
 Heap Max Capacity: 2G
 Pre-touch: Disabled
 Parallel Workers: 2
 Concurrent Workers: 1
 Concurrent Refinement Workers: 2
 Periodic GC: Disabled
Heap:
 garbage-first heap   total 184320K, used 95062K [0x0000000080000000, 0x0000000100000000)
  region size 1024K, 7 young (7168K), 7 survivors (7168K)
 Metaspace       used 72518K, committed 73152K, reserved 1114112K
  class space    used 10093K, committed 10432K, reserved 1048576K
GC Heap History (20 events):
Event: 57.765 GC heap after
{Heap after GC invocations=48 (full 0):
 garbage-first heap   total 79872K, used 43692K [0x0000000080000000, 0x0000000100000000)
  region size 1024K, 3 young (3072K), 3 survivors (3072K)
 Metaspace       used 64704K, committed 65344K, reserved 1114112K
  class space    used 9261K, committed 9600K, reserved 1048576K
}
Event: 57.943 GC heap before
{Heap before GC invocations=48 (full 0):
 garbage-first heap   total 79872K, used 46764K [0x0000000080000000, 0x0000000100000000)
  region size 1024K, 7 young (7168K), 3 survivors (3072K)
 Metaspace       used 65272K, committed 65920K, reserved 1114112K
  class space    used 9329K, committed 9664K, reserved 1048576K
}
Event: 57.952 GC heap after
{Heap after GC invocations=49 (full 0):
 garbage-first heap   total 79872K, used 43728K [0x0000000080000000, 0x0000000100000000)
  region size 1024K, 2 young (2048K), 2 survivors (2048K)
 Metaspace       used 65272K, committed 65920K, reserved 1114112K
  class space    used 9329K, committed 9664K, reserved 1048576K
}
Event: 57.996 GC heap before
{Heap before GC invocations=49 (full 0):
 garbage-first heap   total 79872K, used 49872K [0x0000000080000000, 0x0000000100000000)
  region size 1024K, 3 young (3072K), 2 survivors (2048K)
 Metaspace       used 65272K, committed 65920K, reserved 1114112K
  class space    used 9329K, committed 9664K, reserved 1048576K
}
Event: 58.004 GC heap after
{Heap after GC invocations=50 (full 0):
 garbage-first heap   total 79872K, used 49764K [0x0000000080000000, 0x0000000100000000)
  region size 1024K, 2 young (2048K), 2 survivors (2048K)
 Metaspace       used 65272K, committed 65920K, reserved 1114112K
  class space    used 9329K, committed 9664K, reserved 1048576K
}
Event: 58.651 GC heap before
{Heap before GC invocations=51 (full 0):
 garbage-first heap   total 87040K, used 69220K [0x0000000080000000, 0x0000000100000000)
  region size 1024K, 20 young (20480K), 2 survivors (2048K)
 Metaspace       used 65414K, committed 66112K, reserved 1114112K
  class space    used 9332K, committed 9664K, reserved 1048576K
}
Event: 58.683 GC heap after
{Heap after GC invocations=52 (full 0):
 garbage-first heap   total 87040K, used 55534K [0x0000000080000000, 0x0000000100000000)
  region size 1024K, 3 young (3072K), 3 survivors (3072K)
 Metaspace       used 65414K, committed 66112K, reserved 1114112K
  class space    used 9332K, committed 9664K, reserved 1048576K
}
Event: 58.706 GC heap before
{Heap before GC invocations=52 (full 0):
 garbage-first heap   total 87040K, used 56558K [0x0000000080000000, 0x0000000100000000)
  region size 1024K, 4 young (4096K), 3 survivors (3072K)
 Metaspace       used 65414K, committed 66112K, reserved 1114112K
  class space    used 9332K, committed 9664K, reserved 1048576K
}
Event: 58.723 GC heap after
{Heap after GC invocations=53 (full 0):
 garbage-first heap   total 87040K, used 56041K [0x0000000080000000, 0x0000000100000000)
  region size 1024K, 1 young (1024K), 1 survivors (1024K)
 Metaspace       used 65414K, committed 66112K, reserved 1114112K
  class space    used 9332K, committed 9664K, reserved 1048576K
}
Event: 59.222 GC heap before
{Heap before GC invocations=53 (full 0):
 garbage-first heap   total 87040K, used 69353K [0x0000000080000000, 0x0000000100000000)
  region size 1024K, 16 young (16384K), 1 survivors (1024K)
 Metaspace       used 65548K, committed 66240K, reserved 1114112K
  class space    used 9336K, committed 9664K, reserved 1048576K
}
Event: 59.263 GC heap after
{Heap after GC invocations=54 (full 0):
 garbage-first heap   total 184320K, used 55619K [0x0000000080000000, 0x0000000100000000)
  region size 1024K, 2 young (2048K), 2 survivors (2048K)
 Metaspace       used 65548K, committed 66240K, reserved 1114112K
  class space    used 9336K, committed 9664K, reserved 1048576K
}
Event: 59.835 GC heap before
{Heap before GC invocations=54 (full 0):
 garbage-first heap   total 184320K, used 80195K [0x0000000080000000, 0x0000000100000000)
  region size 1024K, 23 young (23552K), 2 survivors (2048K)
 Metaspace       used 65550K, committed 66240K, reserved 1114112K
  class space    used 9336K, committed 9664K, reserved 1048576K
}
Event: 59.892 GC heap after
{Heap after GC invocations=55 (full 0):
 garbage-first heap   total 184320K, used 63638K [0x0000000080000000, 0x0000000100000000)
  region size 1024K, 8 young (8192K), 8 survivors (8192K)
 Metaspace       used 65550K, committed 66240K, reserved 1114112K
  class space    used 9336K, committed 9664K, reserved 1048576K
}
Event: 60.266 GC heap before
{Heap before GC invocations=55 (full 0):
 garbage-first heap   total 184320K, used 77974K [0x0000000080000000, 0x0000000100000000)
  region size 1024K, 22 young (22528K), 8 survivors (8192K)
 Metaspace       used 65551K, committed 66240K, reserved 1114112K
  class space    used 9336K, committed 9664K, reserved 1048576K
}
Event: 60.299 GC heap after
{Heap after GC invocations=56 (full 0):
 garbage-first heap   total 184320K, used 65549K [0x0000000080000000, 0x0000000100000000)
  region size 1024K, 5 young (5120K), 5 survivors (5120K)
 Metaspace       used 65551K, committed 66240K, reserved 1114112K
  class space    used 9336K, committed 9664K, reserved 1048576K
}
Event: 63.117 GC heap before
{Heap before GC invocations=57 (full 0):
 garbage-first heap   total 184320K, used 128013K [0x0000000080000000, 0x0000000100000000)
  region size 1024K, 62 young (63488K), 5 survivors (5120K)
 Metaspace       used 68986K, committed 69632K, reserved 1114112K
  class space    used 9738K, committed 10048K, reserved 1048576K
}
Event: 63.171 GC heap after
{Heap after GC invocations=58 (full 0):
 garbage-first heap   total 184320K, used 73216K [0x0000000080000000, 0x0000000100000000)
  region size 1024K, 8 young (8192K), 8 survivors (8192K)
 Metaspace       used 68986K, committed 69632K, reserved 1114112K
  class space    used 9738K, committed 10048K, reserved 1048576K
}
Event: 63.251 GC heap before
{Heap before GC invocations=58 (full 0):
 garbage-first heap   total 184320K, used 74240K [0x0000000080000000, 0x0000000100000000)
  region size 1024K, 9 young (9216K), 8 survivors (8192K)
 Metaspace       used 69053K, committed 69696K, reserved 1114112K
  class space    used 9743K, committed 10048K, reserved 1048576K
}
Event: 63.279 GC heap after
{Heap after GC invocations=59 (full 0):
 garbage-first heap   total 184320K, used 73728K [0x0000000080000000, 0x0000000100000000)
  region size 1024K, 1 young (1024K), 1 survivors (1024K)
 Metaspace       used 69053K, committed 69696K, reserved 1114112K
  class space    used 9743K, committed 10048K, reserved 1048576K
}
Event: 65.695 GC heap before
{Heap before GC invocations=59 (full 0):
 garbage-first heap   total 184320K, used 140288K [0x0000000080000000, 0x0000000100000000)
  region size 1024K, 49 young (50176K), 1 survivors (1024K)
 Metaspace       used 72518K, committed 73152K, reserved 1114112K
  class space    used 10093K, committed 10432K, reserved 1048576K
}

